<?xml version="1.0" encoding="UTF-8"?>
<testsuites>
  <testsuite name="website_url_test" timestamp="2017-08-14T12:46:38" time="4.463" tests="3" failures="0" errors="0" skipped="0">
    <properties>
      <property name="specId" value="c13b74f2cf2d9f50a7788114b6025d21"/>
      <property name="suiteName" value="Website url test"/>
      <property name="capabilities" value="chrome"/>
      <property name="file" value=".\test\specs\test.js"/>
    </properties>
    <testcase classname="chrome.website_url_test" name="should_have_a_title_webdriver" time="3.721">
      <system-out>
        <![CDATA[
COMMAND: GET http://127.0.0.1:4444/wd/hub/session/a6105138-6a2f-455d-98cc-d02fcf204166/title - {}
RESULT: {"state":"success","sessionId":"a6105138-6a2f-455d-98cc-d02fcf204166","hCode":3807467,"value":null,"class":"org.openqa.selenium.remote.Response","status":0}
RESULT: {"state":"success","sessionId":"a6105138-6a2f-455d-98cc-d02fcf204166","hCode":4701473,"value":"WebdriverIO - WebDriver bindings for Node.js","class":"org.openqa.selenium.remote.Response","status":0}
]]>
      </system-out>
    </testcase>
    <testcase classname="chrome.website_url_test" name="should_include_webdriver" time="0.087">
      <system-out>
        <![CDATA[
COMMAND: POST http://127.0.0.1:4444/wd/hub/session/a6105138-6a2f-455d-98cc-d02fcf204166/elements - {"using":"partial link text","value":"Webdriver"}
RESULT: {"state":"success","sessionId":"a6105138-6a2f-455d-98cc-d02fcf204166","hCode":4465625,"value":[{"ELEMENT":"0"}],"class":"org.openqa.selenium.remote.Response","status":0}
COMMAND: GET http://127.0.0.1:4444/wd/hub/session/a6105138-6a2f-455d-98cc-d02fcf204166/element/0/text - {}
RESULT: {"state":"success","sessionId":"a6105138-6a2f-455d-98cc-d02fcf204166","hCode":13292204,"value":"@WebdriverIO","class":"org.openqa.selenium.remote.Response","status":0}
]]>
      </system-out>
    </testcase>
    <testcase classname="chrome.website_url_test" name="should_response_200" time="0.648">
      <system-out>
        <![CDATA[
COMMAND: POST http://127.0.0.1:4444/wd/hub/session/a6105138-6a2f-455d-98cc-d02fcf204166/element - {"using":"css selector","value":"a[href*=\"guide.html\"]"}
RESULT: {"state":"success","sessionId":"a6105138-6a2f-455d-98cc-d02fcf204166","hCode":12017418,"value":{"ELEMENT":"1"},"class":"org.openqa.selenium.remote.Response","status":0}
COMMAND: POST http://127.0.0.1:4444/wd/hub/session/a6105138-6a2f-455d-98cc-d02fcf204166/element/1/click - {}
RESULT: {"state":"success","sessionId":"a6105138-6a2f-455d-98cc-d02fcf204166","hCode":30673690,"value":null,"class":"org.openqa.selenium.remote.Response","status":0}
COMMAND: GET http://127.0.0.1:4444/wd/hub/session/a6105138-6a2f-455d-98cc-d02fcf204166/url - {}
RESULT: {"state":"success","sessionId":"a6105138-6a2f-455d-98cc-d02fcf204166","hCode":28513368,"value":"http://webdriver.io/guide.html","class":"org.openqa.selenium.remote.Response","status":0}
COMMAND: DELETE http://127.0.0.1:4444/wd/hub/session/a6105138-6a2f-455d-98cc-d02fcf204166 - {}
RESULT: {"state":"success","sessionId":"a6105138-6a2f-455d-98cc-d02fcf204166","hCode":4908931,"value":null,"class":"org.openqa.selenium.remote.Response","status":0}
]]>
      </system-out>
    </testcase>
  </testsuite>
</testsuites>